#
# A fatal error has been detected by the Java Runtime Environment:
#
#  SIGSEGV (0xb) at pc=0x0000000110ede88a, pid=6812, tid=18691
#
# JRE version: OpenJDK Runtime Environment AdoptOpenJDK-11.0.11+9 (11.0.11+9) (build 11.0.11+9)
# Java VM: OpenJDK 64-Bit Server VM AdoptOpenJDK-11.0.11+9 (11.0.11+9, mixed mode, tiered, compressed oops, g1 gc, bsd-amd64)
# Problematic frame:
# V  [libjvm.dylib+0x36088a]  _ZN14GenerateOopMap8do_fieldEiiii+0x54
#
# No core dump will be written. Core dumps have been disabled. To enable core dumping, try "ulimit -c unlimited" before starting Java again
#
# If you would like to submit a bug report, please visit:
#   https://github.com/AdoptOpenJDK/openjdk-support/issues
#

---------------  S U M M A R Y ------------

Command Line: -agentlib:jdwp=transport=dt_socket,suspend=y,address=localhost:52688 -Dcom.sun.management.jmxremote -Dcom.sun.management.jmxremote.port=52687 -Dcom.sun.management.jmxremote.authenticate=false -Dcom.sun.management.jmxremote.ssl=false -Djava.rmi.server.hostname=localhost -Dspring.jmx.enabled=true -Dspring.application.admin.enabled=true -XX:TieredStopAtLevel=1 -Dspring.boot.project.name=PayMyBuddy -javaagent:/Applications/Eclipse.app/Contents/Eclipse/configuration/org.eclipse.osgi/819/0/.cp/lib/javaagent-shaded.jar -Dfile.encoding=UTF-8 com.paymybuddy.PayMyBuddyApplication

Host: iMac20,2 x86_64 3600 MHz, 20 cores, 72G, Darwin 21.3.0
Time: Wed Mar  2 14:46:38 2022 CET elapsed time: 652.992782 seconds (0d 0h 10m 52s)

---------------  T H R E A D  ---------------

Current thread (0x00007f7c469e6000):  VMThread "VM Thread" [stack: 0x0000700003aab000,0x0000700003bab000] [id=18691]

Stack: [0x0000700003aab000,0x0000700003bab000],  sp=0x0000700003baa630,  free space=1021k
Native frames: (J=compiled Java code, A=aot compiled Java code, j=interpreted, Vv=VM code, C=native code)
V  [libjvm.dylib+0x36088a]  _ZN14GenerateOopMap8do_fieldEiiii+0x54
V  [libjvm.dylib+0x35eeed]  _ZN14GenerateOopMap9interp_bbEP10BasicBlock+0xdb
V  [libjvm.dylib+0x35ebde]  _ZN14GenerateOopMap10interp_allEv+0x3c
V  [libjvm.dylib+0x35e88b]  _ZN14GenerateOopMap17do_interpretationEv+0x4b
V  [libjvm.dylib+0x361192]  _ZN14GenerateOopMap11compute_mapEP6Thread+0x164
V  [libjvm.dylib+0x6166c3]  _ZN19OopMapForCacheEntry11compute_mapEP6Thread+0x51
V  [libjvm.dylib+0x616eac]  _ZN16OopMapCacheEntry4fillERK12methodHandlei+0xac
V  [libjvm.dylib+0x6177c7]  _ZN11OopMapCache19compute_one_oop_mapERK12methodHandleiP17InterpreterOopMap+0x5d
V  [libjvm.dylib+0x5d9572]  _ZN6Method8mask_forEiP17InterpreterOopMap+0x7e
V  [libjvm.dylib+0x4df22d]  _ZN16VM_GetOrSetLocal4doitEv+0x45
V  [libjvm.dylib+0x7bd5e7]  _ZN12VM_Operation8evaluateEv+0xd5
V  [libjvm.dylib+0x7c5939]  _ZN8VMThread18evaluate_operationEP12VM_Operation+0x139
V  [libjvm.dylib+0x7c5320]  _ZN8VMThread4loopEv+0x106
V  [libjvm.dylib+0x7c512d]  _ZN8VMThread3runEv+0x6f
V  [libjvm.dylib+0x770fcc]  _ZN6Thread8call_runEv+0x68
V  [libjvm.dylib+0x62014b]  _ZL19thread_native_entryP6Thread+0x139
C  [libsystem_pthread.dylib+0x64f4]  _pthread_start+0x7d
C  [libsystem_pthread.dylib+0x200f]  thread_start+0xf


siginfo: si_signo: 11 (SIGSEGV), si_code: 1 (SEGV_MAPERR), si_addr: 0x00000000004b004f

Register to memory mapping:

RAX=0x00000000004b0049 is an unknown value
RBX=0x000000015bb401b8 is pointing into metadata
RCX=0x0000000000001940 is an unknown value
RDX=0x0 is NULL
RSP=0x0000700003baa630 points into unknown readable memory: 0x000000015bb4098c | 8c 09 b4 5b 01 00 00 00
RBP=0x0000700003baa680 points into unknown readable memory: 0x0000700003baa6f0 | f0 a6 ba 03 00 70 00 00
RSI=0x0000000000000070 is an unknown value
RDI=0x000000015bb401b8 is pointing into metadata
R8 =0x0000000000000037 is an unknown value
R9 =0x00000000ffffffff is an unknown value
R10=0x0000000047000000 is an unknown value
R11=0xffffffffffffff48 is an unknown value
R12=0x0000000000000001 is an unknown value
R13=0x0000000000000037 is an unknown value
R14=0x0 is NULL
R15=0x0000700003baa840 points into unknown readable memory: 0x00000001114e4b90 | 90 4b 4e 11 01 00 00 00


Registers:
RAX=0x00000000004b0049, RBX=0x000000015bb401b8, RCX=0x0000000000001940, RDX=0x0000000000000000
RSP=0x0000700003baa630, RBP=0x0000700003baa680, RSI=0x0000000000000070, RDI=0x000000015bb401b8
R8 =0x0000000000000037, R9 =0x00000000ffffffff, R10=0x0000000047000000, R11=0xffffffffffffff48
R12=0x0000000000000001, R13=0x0000000000000037, R14=0x0000000000000000, R15=0x0000700003baa840
RIP=0x0000000110ede88a, EFLAGS=0x0000000000010202, ERR=0x0000000000000004
  TRAPNO=0x000000000000000e

Top of Stack: (sp=0x0000700003baa630)
0x0000700003baa630:   000000015bb4098c 00007f7c000000e6
0x0000700003baa640:   0000000046000030 0000700003baa840
0x0000700003baa650:   0ebb048c07a200d4 0000700003baa840
0x0000700003baa660:   000000000000003b 0000700003baa840
0x0000700003baa670:   00007f7c4677ba08 0000700003baa698
0x0000700003baa680:   0000700003baa6f0 0000000110edceed
0x0000700003baa690:   0000000000000000 0000700003baa6b8
0x0000700003baa6a0:   000000015bb40a10 00007f7c469e6000
0x0000700003baa6b0:   0000003a00000037 000000b40000003b
0x0000700003baa6c0:   000000b403290000 0ebb048c07a200d4
0x0000700003baa6d0:   0000000000000078 00007f7c4677b930
0x0000700003baa6e0:   0000700003baa840 0000000000000003
0x0000700003baa6f0:   0000700003baa720 0000000110edcbde
0x0000700003baa700:   0000000000000000 0000700003baa840
0x0000700003baa710:   00007f7c469e6000 00007f7c4677b930
0x0000700003baa720:   0000700003baa740 0000000110edc88b
0x0000700003baa730:   0ebb048c07a200d4 0000700003baa840
0x0000700003baa740:   0000700003baa7e0 0000000110edf192
0x0000700003baa750:   0000000000000100 0000000000000000
0x0000700003baa760:   0000000000000000 0000000000000000
0x0000700003baa770:   0000000000000000 00000001113948d6
0x0000700003baa780:   0000000000000000 0000600000220000
0x0000700003baa790:   0000000000000000 0000600001f2c000
0x0000700003baa7a0:   000000010fd98000 0000600001f2f0c0
0x0000700003baa7b0:   0000000000000000 0000000000000000
0x0000700003baa7c0:   0000700003baa840 0000700003baa938
0x0000700003baa7d0:   00007f7c469e6000 0000700003baa9c8
0x0000700003baa7e0:   0000700003baa830 00000001111946c3
0x0000700003baa7f0:   0000600000baef40 00007f7c4677b8d0
0x0000700003baa800:   00007f7c4677b8e0 00007f7c4677bcb8
0x0000700003baa810:   00000000000003d8 0000600001f2f0c0
0x0000700003baa820:   0000000000000036 0000700003baa9c8 

Instructions: (pc=0x0000000110ede88a)
0x0000000110ede78a:   f7 4c 89 fe e8 0f da ff ff 41 8a 45 00 49 ff c5
0x0000000110ede79a:   84 c0 75 bb 48 8b 05 db 39 54 00 48 8b 00 48 3b
0x0000000110ede7aa:   45 d0 75 0f 48 83 c4 28 5b 41 5c 41 5d 41 5e 41
0x0000000110ede7ba:   5f 5d c3 e8 50 6f 48 00 55 48 89 e5 41 56 53 89
0x0000000110ede7ca:   f3 49 89 fe e8 47 df ff ff 31 d8 3d 00 00 00 10
0x0000000110ede7da:   73 05 5b 41 5e 5d c3 48 8d 35 0a 61 4b 00 31 c0
0x0000000110ede7ea:   4c 89 f7 5b 41 5e 5d e9 ac d9 ff ff 55 48 89 e5
0x0000000110ede7fa:   48 63 47 58 3b 47 24 7d 23 81 e6 ff ff ff 03 48
0x0000000110ede80a:   63 4f 20 48 c1 e1 02 48 03 4f 48 81 ce 00 00 00
0x0000000110ede81a:   14 8d 50 01 89 57 58 89 34 81 5d c3 48 8d 35 c5
0x0000000110ede82a:   60 4b 00 31 c0 5d e9 6d d9 ff ff 90 55 48 89 e5
0x0000000110ede83a:   41 57 41 56 41 55 41 54 53 48 83 ec 28 45 89 c5
0x0000000110ede84a:   41 89 d6 41 89 f4 49 89 ff 48 8b 05 26 39 54 00
0x0000000110ede85a:   48 8b 00 48 89 45 d0 48 8b 47 08 48 8b 40 08 48
0x0000000110ede86a:   8b 58 08 31 d2 48 89 df 89 ce e8 63 c6 f0 ff 48
0x0000000110ede87a:   89 df 89 c6 e8 d7 c6 f0 ff 48 98 48 8b 44 c3 40
0x0000000110ede88a:   8a 48 06 80 f9 4b 7e 2f 80 f9 5b 74 0a 80 f9 56
0x0000000110ede89a:   74 3f 80 f9 4c 75 31 48 8d 45 c0 41 81 e5 ff ff
0x0000000110ede8aa:   ff 00 41 81 cd 00 00 00 46 44 89 28 8b 0d f4 d5
0x0000000110ede8ba:   65 00 89 48 04 eb 21 48 8d 05 d8 b8 61 00 80 f9
0x0000000110ede8ca:   44 74 15 80 f9 4a 74 10 48 8d 05 d3 b8 61 00 eb
0x0000000110ede8da:   07 48 8d 05 ce f5 68 00 31 c9 45 85 e4 74 05 48
0x0000000110ede8ea:   89 c2 eb 1e 8b 30 48 8d 15 b9 f5 68 00 85 f6 74
0x0000000110ede8fa:   11 31 c9 89 74 8d b0 8b 74 88 04 48 ff c1 85 f6
0x0000000110ede90a:   75 f1 45 85 f6 75 0f 48 63 c1 ff c1 8b 35 70 b8
0x0000000110ede91a:   61 00 89 74 85 b0 48 63 c1 8b 0d 87 d5 65 00 89
0x0000000110ede92a:   4c 85 b0 48 8d 75 b0 4c 89 ff e8 a9 fb ff ff 48
0x0000000110ede93a:   8b 05 40 38 54 00 48 8b 00 48 3b 45 d0 75 0f 48
0x0000000110ede94a:   83 c4 28 5b 41 5c 41 5d 41 5e 41 5f 5d c3 e8 b5
0x0000000110ede95a:   6d 48 00 90 55 48 89 e5 41 57 41 56 41 55 41 54
0x0000000110ede96a:   53 48 81 ec 58 04 00 00 45 89 c7 41 89 f6 49 89
0x0000000110ede97a:   fd 48 8b 05 fe 37 54 00 48 8b 00 48 89 45 d0 48 


Stack slot to memory mapping:
stack at sp + 0 slots: 0x000000015bb4098c is pointing into metadata
stack at sp + 1 slots: 0x00007f7c000000e6 points into unknown readable memory: 00 00
stack at sp + 2 slots: 0x0000000046000030 is an unknown value
stack at sp + 3 slots: 0x0000700003baa840 points into unknown readable memory: 0x00000001114e4b90 | 90 4b 4e 11 01 00 00 00
stack at sp + 4 slots: 0x0ebb048c07a200d4 is an unknown value
stack at sp + 5 slots: 0x0000700003baa840 points into unknown readable memory: 0x00000001114e4b90 | 90 4b 4e 11 01 00 00 00
stack at sp + 6 slots: 0x000000000000003b is an unknown value
stack at sp + 7 slots: 0x0000700003baa840 points into unknown readable memory: 0x00000001114e4b90 | 90 4b 4e 11 01 00 00 00

VM_Operation (0x00007000044c8a60): GetOrSetLocal, mode: safepoint, requested by thread 0x00007f7c2680c000


---------------  P R O C E S S  ---------------

Threads class SMR info:
_java_thread_list=0x00006000002c6de0, length=25, elements={
0x00007f7c66816000, 0x00007f7c6681b000, 0x00007f7c67015800, 0x00007f7c57815800,
0x00007f7c57816000, 0x00007f7c67016000, 0x00007f7c400a4000, 0x00007f7c2680c000,
0x00007f7c46996800, 0x00007f7c469e4800, 0x00007f7c66a08000, 0x00007f7c5780d800,
0x00007f7c26a34000, 0x00007f7c66a09000, 0x00007f7c26a42800, 0x00007f7c46a21800,
0x00007f7c66b52000, 0x00007f7c6733e000, 0x00007f7c67334800, 0x00007f7c26913000,
0x00007f7c67106800, 0x00007f7c469b0800, 0x00007f7c26c14800, 0x00007f7c67193800,
0x00007f7bd787b000
}

Java Threads: ( => current thread )
  0x00007f7c66816000 JavaThread "Reference Handler" daemon [_thread_blocked, id=18435, stack(0x0000700003bae000,0x0000700003cae000)]
  0x00007f7c6681b000 JavaThread "Finalizer" daemon [_thread_blocked, id=17923, stack(0x0000700003cb1000,0x0000700003db1000)]
  0x00007f7c67015800 JavaThread "Signal Dispatcher" daemon [_thread_blocked, id=15875, stack(0x0000700003eba000,0x0000700003fba000)]
  0x00007f7c57815800 JavaThread "Service Thread" daemon [_thread_blocked, id=22019, stack(0x0000700003fbd000,0x00007000040bd000)]
  0x00007f7c57816000 JavaThread "C1 CompilerThread0" daemon [_thread_blocked, id=42755, stack(0x00007000040c0000,0x00007000041c0000)]
  0x00007f7c67016000 JavaThread "Sweeper thread" daemon [_thread_blocked, id=22275, stack(0x00007000041c3000,0x00007000042c3000)]
  0x00007f7c400a4000 JavaThread "Common-Cleaner" daemon [_thread_blocked, id=22787, stack(0x00007000042c6000,0x00007000043c6000)]
  0x00007f7c2680c000 JavaThread "JDWP Transport Listener: dt_socket" daemon [_thread_blocked, id=41219, stack(0x00007000043c9000,0x00007000044c9000)] _threads_hazard_ptr=0x00006000002c6de0
  0x00007f7c46996800 JavaThread "JDWP Event Helper Thread" daemon [_thread_blocked, id=23043, stack(0x00007000044cc000,0x00007000045cc000)]
  0x00007f7c469e4800 JavaThread "JDWP Command Reader" daemon [_thread_in_native, id=23555, stack(0x00007000045cf000,0x00007000046cf000)]
  0x00007f7c66a08000 JavaThread "RMI TCP Accept-0" daemon [_thread_in_native, id=39939, stack(0x00007000046d2000,0x00007000047d2000)]
  0x00007f7c5780d800 JavaThread "RMI TCP Accept-52687" daemon [_thread_in_native, id=24067, stack(0x00007000047d5000,0x00007000048d5000)]
  0x00007f7c26a34000 JavaThread "RMI TCP Accept-0" daemon [_thread_in_native, id=38915, stack(0x00007000048d8000,0x00007000049d8000)]
  0x00007f7c66a09000 JavaThread "RMI TCP Connection(idle)" daemon [_thread_blocked, id=25347, stack(0x0000700004be1000,0x0000700004ce1000)]
  0x00007f7c26a42800 JavaThread "RMI Scheduler(0)" daemon [_thread_blocked, id=37123, stack(0x0000700004ce4000,0x0000700004de4000)]
  0x00007f7c46a21800 JavaThread "JMX server connection timeout 30" daemon [_thread_blocked, id=36611, stack(0x0000700004de7000,0x0000700004ee7000)]
  0x00007f7c66b52000 JavaThread "mysql-cj-abandoned-connection-cleanup" daemon [_thread_blocked, id=86019, stack(0x000070000652c000,0x000070000662c000)]
  0x00007f7c6733e000 JavaThread "Live Reload Server" daemon [_thread_in_native, id=84743, stack(0x0000700006938000,0x0000700006a38000)]
  0x00007f7c67334800 JavaThread "DestroyJavaVM" [_thread_blocked, id=6915, stack(0x0000700003499000,0x0000700003599000)]
  0x00007f7c26913000 JavaThread "Catalina-utility-1" [_thread_blocked, id=29759, stack(0x0000700005e17000,0x0000700005f17000)]
  0x00007f7c67106800 JavaThread "Catalina-utility-2" [_thread_blocked, id=48683, stack(0x0000700006223000,0x0000700006323000)]
  0x00007f7c469b0800 JavaThread "container-0" [_thread_blocked, id=82219, stack(0x0000700006326000,0x0000700006426000)]
  0x00007f7c26c14800 JavaThread "HikariPool-10 housekeeper" daemon [_thread_blocked, id=30779, stack(0x0000700006429000,0x0000700006529000)]
  0x00007f7c67193800 JavaThread "http-nio-8080-exec-3" daemon [_thread_blocked, id=80935, stack(0x000070000662f000,0x000070000672f000)]
  0x00007f7bd787b000 JavaThread "Thread-39" [_thread_blocked, id=46859, stack(0x0000700006b3e000,0x0000700006c3e000)]

Other Threads:
=>0x00007f7c469e6000 VMThread "VM Thread" [stack: 0x0000700003aab000,0x0000700003bab000] [id=18691]
  0x00007f7c26a3d000 WatcherThread [stack: 0x00007000049db000,0x0000700004adb000] [id=38659]
  0x00007f7c46816800 GCTaskThread "GC Thread#0" [stack: 0x000070000359c000,0x000070000369c000] [id=11779]
  0x00007f7c66a0b800 GCTaskThread "GC Thread#1" [stack: 0x0000700004eea000,0x0000700004fea000] [id=36355]
  0x00007f7c66a1e000 GCTaskThread "GC Thread#2" [stack: 0x0000700004fed000,0x00007000050ed000] [id=36099]
  0x00007f7c66a18800 GCTaskThread "GC Thread#3" [stack: 0x00007000050f0000,0x00007000051f0000] [id=26627]
  0x00007f7c66a19800 GCTaskThread "GC Thread#4" [stack: 0x00007000051f3000,0x00007000052f3000] [id=35843]
  0x00007f7c66a28000 GCTaskThread "GC Thread#5" [stack: 0x00007000052f6000,0x00007000053f6000] [id=27139]
  0x00007f7c46a51000 GCTaskThread "GC Thread#6" [stack: 0x00007000053f9000,0x00007000054f9000] [id=35075]
  0x00007f7c469e6800 GCTaskThread "GC Thread#7" [stack: 0x00007000054fc000,0x00007000055fc000] [id=34819]
  0x00007f7c46a53800 GCTaskThread "GC Thread#8" [stack: 0x00007000055ff000,0x00007000056ff000] [id=27907]
  0x00007f7c46a4e000 GCTaskThread "GC Thread#9" [stack: 0x0000700005702000,0x0000700005802000] [id=28163]
  0x00007f7c46a5a800 GCTaskThread "GC Thread#10" [stack: 0x0000700005805000,0x0000700005905000] [id=34307]
  0x00007f7c46a5b800 GCTaskThread "GC Thread#11" [stack: 0x0000700005908000,0x0000700005a08000] [id=28931]
  0x00007f7c46a5c000 GCTaskThread "GC Thread#12" [stack: 0x0000700005a0b000,0x0000700005b0b000] [id=33795]
  0x00007f7c46a67800 GCTaskThread "GC Thread#13" [stack: 0x0000700005b0e000,0x0000700005c0e000] [id=29443]
  0x00007f7c46a68000 GCTaskThread "GC Thread#14" [stack: 0x0000700005c11000,0x0000700005d11000] [id=33283]
  0x00007f7c4682c000 ConcurrentGCThread "G1 Main Marker" [stack: 0x000070000369f000,0x000070000379f000] [id=20739]
  0x00007f7c4682c800 ConcurrentGCThread "G1 Conc#0" [stack: 0x00007000037a2000,0x00007000038a2000] [id=19971]
  0x00007f7c67269800 ConcurrentGCThread "G1 Conc#1" [stack: 0x0000700005f1a000,0x000070000601a000] [id=32515]
  0x00007f7c67272000 ConcurrentGCThread "G1 Conc#2" [stack: 0x000070000601d000,0x000070000611d000] [id=30979]
  0x00007f7c66a25000 ConcurrentGCThread "G1 Conc#3" [stack: 0x0000700006120000,0x0000700006220000] [id=31491]
  0x00007f7c46989800 ConcurrentGCThread "G1 Refine#0" [stack: 0x00007000038a5000,0x00007000039a5000] [id=19459]
  0x00007f7c4698a000 ConcurrentGCThread "G1 Young RemSet Sampling" [stack: 0x00007000039a8000,0x0000700003aa8000] [id=12291]

Threads with active compile tasks:

VM state:at safepoint (normal execution)

VM Mutex/Monitor currently owned by a thread:  ([mutex/lock_event])
[0x0000600002b99980] Threads_lock - owner thread: 0x00007f7c469e6000

Heap address: 0x0000000380000000, size: 18432 MB, Compressed Oops mode: Zero based, Oop shift amount: 3
Narrow klass base: 0x0000000800000000, Narrow klass shift: 0
Compressed class space size: 1073741824 Address: 0x0000000800000000

Heap:
 garbage-first heap   total 139264K, used 75153K [0x0000000380000000, 0x0000000800000000)
  region size 4096K, 6 young (24576K), 2 survivors (8192K)
 Metaspace       used 84847K, capacity 88169K, committed 88408K, reserved 1126400K
  class space    used 11123K, capacity 12295K, committed 12416K, reserved 1048576K
Heap Regions: E=young(eden), S=young(survivor), O=old, HS=humongous(starts), HC=humongous(continues), CS=collection set, F=free, A=archive, TAMS=top-at-mark-start (previous, next)
|   0|0x0000000380000000, 0x00000003803fff98, 0x0000000380400000| 99%| O|  |TAMS 0x0000000380000000, 0x0000000380000000| Untracked 
|   1|0x0000000380400000, 0x00000003807fffd0, 0x0000000380800000| 99%| O|  |TAMS 0x0000000380400000, 0x0000000380400000| Untracked 
|   2|0x0000000380800000, 0x0000000380bfffe0, 0x0000000380c00000| 99%| O|  |TAMS 0x0000000380800000, 0x0000000380800000| Untracked 
|   3|0x0000000380c00000, 0x0000000380ffffe0, 0x0000000381000000| 99%| O|  |TAMS 0x0000000380c00000, 0x0000000380c00000| Untracked 
|   4|0x0000000381000000, 0x0000000381400000, 0x0000000381400000|100%| O|  |TAMS 0x0000000381000000, 0x0000000381000000| Untracked 
|   5|0x0000000381400000, 0x00000003817f7da8, 0x0000000381800000| 99%| O|  |TAMS 0x0000000381400000, 0x0000000381400000| Untracked 
|   6|0x0000000381800000, 0x0000000381bffc20, 0x0000000381c00000| 99%| O|  |TAMS 0x0000000381800000, 0x0000000381800000| Untracked 
|   7|0x0000000381c00000, 0x0000000382000000, 0x0000000382000000|100%| O|  |TAMS 0x0000000381c00000, 0x0000000381c00000| Untracked 
|   8|0x0000000382000000, 0x00000003823fffd0, 0x0000000382400000| 99%| O|  |TAMS 0x0000000382000000, 0x0000000382000000| Untracked 
|   9|0x0000000382400000, 0x00000003827ffff8, 0x0000000382800000| 99%| O|  |TAMS 0x0000000382400000, 0x0000000382400000| Untracked 
|  10|0x0000000382800000, 0x0000000382bfffe0, 0x0000000382c00000| 99%| O|  |TAMS 0x0000000382800000, 0x0000000382800000| Untracked 
|  11|0x0000000382c00000, 0x0000000382fffff8, 0x0000000383000000| 99%| O|  |TAMS 0x0000000382c00000, 0x0000000382c00000| Untracked 
|  12|0x0000000383000000, 0x00000003833ffff0, 0x0000000383400000| 99%| O|  |TAMS 0x0000000383000000, 0x0000000383000000| Untracked 
|  13|0x0000000383400000, 0x00000003835b9eb8, 0x0000000383800000| 43%| O|  |TAMS 0x0000000383400000, 0x0000000383400000| Untracked 
|  14|0x0000000383800000, 0x00000003839ff800, 0x0000000383c00000| 49%| O|  |TAMS 0x0000000383800000, 0x0000000383800000| Untracked 
|  15|0x0000000383c00000, 0x0000000383c00000, 0x0000000384000000|  0%| F|  |TAMS 0x0000000383c00000, 0x0000000383c00000| Untracked 
|  16|0x0000000384000000, 0x00000003840a6208, 0x0000000384400000| 16%| O|  |TAMS 0x0000000384000000, 0x0000000384000000| Untracked 
|  17|0x0000000384400000, 0x0000000384400000, 0x0000000384800000|  0%| F|  |TAMS 0x0000000384400000, 0x0000000384400000| Untracked 
|  18|0x0000000384800000, 0x0000000384800000, 0x0000000384c00000|  0%| F|  |TAMS 0x0000000384800000, 0x0000000384800000| Untracked 
|  19|0x0000000384c00000, 0x0000000384c00000, 0x0000000385000000|  0%| F|  |TAMS 0x0000000384c00000, 0x0000000384c00000| Untracked 
|  20|0x0000000385000000, 0x0000000385000000, 0x0000000385400000|  0%| F|  |TAMS 0x0000000385000000, 0x0000000385000000| Untracked 
|  21|0x0000000385400000, 0x0000000385400000, 0x0000000385800000|  0%| F|  |TAMS 0x0000000385400000, 0x0000000385400000| Untracked 
|  22|0x0000000385800000, 0x000000038590d4a0, 0x0000000385c00000| 26%| S|CS|TAMS 0x0000000385800000, 0x0000000385800000| Complete 
|  23|0x0000000385c00000, 0x0000000386000000, 0x0000000386000000|100%| S|CS|TAMS 0x0000000385c00000, 0x0000000385c00000| Complete 
|  24|0x0000000386000000, 0x0000000386000000, 0x0000000386400000|  0%| F|  |TAMS 0x0000000386000000, 0x0000000386000000| Untracked 
|  25|0x0000000386400000, 0x0000000386400000, 0x0000000386800000|  0%| F|  |TAMS 0x0000000386400000, 0x0000000386400000| Untracked 
|  26|0x0000000386800000, 0x0000000386800000, 0x0000000386c00000|  0%| F|  |TAMS 0x0000000386800000, 0x0000000386800000| Untracked 
|  27|0x0000000386c00000, 0x0000000386c00000, 0x0000000387000000|  0%| F|  |TAMS 0x0000000386c00000, 0x0000000386c00000| Untracked 
|  28|0x0000000387000000, 0x0000000387000000, 0x0000000387400000|  0%| F|  |TAMS 0x0000000387000000, 0x0000000387000000| Untracked 
|  29|0x0000000387400000, 0x0000000387400000, 0x0000000387800000|  0%| F|  |TAMS 0x0000000387400000, 0x0000000387400000| Untracked 
|  30|0x0000000387800000, 0x00000003878bff38, 0x0000000387c00000| 18%| E|  |TAMS 0x0000000387800000, 0x0000000387800000| Complete 
|  31|0x0000000387c00000, 0x0000000388000000, 0x0000000388000000|100%| E|CS|TAMS 0x0000000387c00000, 0x0000000387c00000| Complete 
|  32|0x0000000388000000, 0x0000000388400000, 0x0000000388400000|100%| E|CS|TAMS 0x0000000388000000, 0x0000000388000000| Complete 
|  33|0x0000000388400000, 0x0000000388800000, 0x0000000388800000|100%| E|CS|TAMS 0x0000000388400000, 0x0000000388400000| Complete 

Card table byte_map: [0x000000012cf61000,0x000000012f361000] _byte_map_base: 0x000000012b361000

Marking Bits (Prev, Next): (CMBitMap*) 0x00007f7c4682b450, (CMBitMap*) 0x00007f7c4682b418
 Prev Bits: [0x0000000143761000, 0x0000000155761000)
 Next Bits: [0x0000000131761000, 0x0000000143761000)

Polling page: 0x000000010fda1000

Metaspace:

Usage:
  Non-class:     74.10 MB capacity,    72.00 MB ( 97%) used,     1.77 MB (  2%) free+waste,   339.81 KB ( <1%) overhead. 
      Class:     12.01 MB capacity,    10.86 MB ( 90%) used,  1006.61 KB (  8%) free+waste,   165.06 KB (  1%) overhead. 
       Both:     86.10 MB capacity,    82.86 MB ( 96%) used,     2.75 MB (  3%) free+waste,   504.88 KB ( <1%) overhead. 

Virtual space:
  Non-class space:       76.00 MB reserved,      74.21 MB ( 98%) committed 
      Class space:        1.00 GB reserved,      12.12 MB (  1%) committed 
             Both:        1.07 GB reserved,      86.34 MB (  8%) committed 

Chunk freelists:
   Non-Class:  94.00 KB
       Class:  25.00 KB
        Both:  119.00 KB

MaxMetaspaceSize: unlimited
CompressedClassSpaceSize: 1.00 GB

CodeHeap 'non-profiled nmethods': size=233880Kb used=21142Kb max_used=21142Kb free=212738Kb
 bounds [0x000000011c6fb000, 0x000000011dbab000, 0x000000012ab61000]
CodeHeap 'non-nmethods': size=11880Kb used=1334Kb max_used=1334Kb free=10545Kb
 bounds [0x000000011bb61000, 0x000000011bdd1000, 0x000000011c6fb000]
 total_blobs=12817 nmethods=12152 adapters=598
 compilation: enabled
              stopped_count=0, restarted_count=0
 full_count=0

Compilation events (20 events):
Event: 604.058 Thread 0x00007f7c57816000 12143       1       io.micrometer.core.instrument.ImmutableTag::getValue (5 bytes)
Event: 604.058 Thread 0x00007f7c57816000 nmethod 12143 0x000000011db99910 code [0x000000011db99ac0, 0x000000011db99b70]
Event: 604.059 Thread 0x00007f7c57816000 12144       1       org.springframework.transaction.support.DefaultTransactionStatus::isNewSynchronization (5 bytes)
Event: 604.059 Thread 0x00007f7c57816000 nmethod 12144 0x000000011db99c10 code [0x000000011db99dc0, 0x000000011db99e70]
Event: 605.375 Thread 0x00007f7c57816000 12145       1       java.util.LinkedHashMap$LinkedEntrySet::size (8 bytes)
Event: 605.375 Thread 0x00007f7c57816000 nmethod 12145 0x000000011db99f10 code [0x000000011db9a0c0, 0x000000011db9a170]
Event: 649.074 Thread 0x00007f7c57816000 12146   !   1       java.util.concurrent.ThreadPoolExecutor::tryTerminate (163 bytes)
Event: 649.074 Thread 0x00007f7c57816000 nmethod 12146 0x000000011db9a210 code [0x000000011db9a4c0, 0x000000011db9ac40]
Event: 651.220 Thread 0x00007f7c57816000 12148       1       java.io.ObjectStreamClass::writeNonProxy (161 bytes)
Event: 651.221 Thread 0x00007f7c57816000 nmethod 12148 0x000000011db9b410 code [0x000000011db9b6c0, 0x000000011db9bee0]
Event: 651.221 Thread 0x00007f7c57816000 12147       1       java.io.ObjectOutputStream::writeNonProxyDesc (109 bytes)
Event: 651.222 Thread 0x00007f7c57816000 nmethod 12147 0x000000011db9c690 code [0x000000011db9c940, 0x000000011db9cfd0]
Event: 651.222 Thread 0x00007f7c57816000 12149       1       java.io.ObjectOutputStream::isCustomSubclass (21 bytes)
Event: 651.222 Thread 0x00007f7c57816000 nmethod 12149 0x000000011db9d590 code [0x000000011db9d7a0, 0x000000011db9dbd0]
Event: 651.222 Thread 0x00007f7c57816000 12150       1       java.io.ObjectStreamClass::getSuperDesc (9 bytes)
Event: 651.222 Thread 0x00007f7c57816000 nmethod 12150 0x000000011db9df90 code [0x000000011db9e160, 0x000000011db9e300]
Event: 651.223 Thread 0x00007f7c57816000 12151       1       java.util.concurrent.CopyOnWriteArrayList::toArray (44 bytes)
Event: 651.223 Thread 0x00007f7c57816000 nmethod 12151 0x000000011db9e410 code [0x000000011db9e5e0, 0x000000011db9e8d0]
Event: 651.223 Thread 0x00007f7c57816000 12152  s!   1       org.apache.catalina.util.LifecycleBase::stop (347 bytes)
Event: 651.224 Thread 0x00007f7c57816000 nmethod 12152 0x000000011db9ea10 code [0x000000011db9ed80, 0x000000011db9ff40]

GC Heap History (20 events):
Event: 541.348 GC heap before
{Heap before GC invocations=35 (full 7):
 garbage-first heap   total 139264K, used 107326K [0x0000000380000000, 0x0000000800000000)
  region size 4096K, 14 young (57344K), 1 survivors (4096K)
 Metaspace       used 83796K, capacity 87052K, committed 87256K, reserved 1124352K
  class space    used 11035K, capacity 12203K, committed 12288K, reserved 1048576K
}
Event: 541.350 GC heap after
{Heap after GC invocations=36 (full 7):
 garbage-first heap   total 139264K, used 56495K [0x0000000380000000, 0x0000000800000000)
  region size 4096K, 2 young (8192K), 2 survivors (8192K)
 Metaspace       used 83796K, capacity 87052K, committed 87256K, reserved 1124352K
  class space    used 11035K, capacity 12203K, committed 12288K, reserved 1048576K
}
Event: 552.159 GC heap before
{Heap before GC invocations=36 (full 7):
 garbage-first heap   total 139264K, used 72879K [0x0000000380000000, 0x0000000800000000)
  region size 4096K, 7 young (28672K), 2 survivors (8192K)
 Metaspace       used 83915K, capacity 87073K, committed 87256K, reserved 1124352K
  class space    used 11047K, capacity 12209K, committed 12288K, reserved 1048576K
}
Event: 552.246 GC heap after
{Heap after GC invocations=37 (full 8):
 garbage-first heap   total 139264K, used 52910K [0x0000000380000000, 0x0000000800000000)
  region size 4096K, 0 young (0K), 0 survivors (0K)
 Metaspace       used 83907K, capacity 87061K, committed 87256K, reserved 1124352K
  class space    used 11046K, capacity 12207K, committed 12288K, reserved 1048576K
}
Event: 552.445 GC heap before
{Heap before GC invocations=37 (full 8):
 garbage-first heap   total 139264K, used 106158K [0x0000000380000000, 0x0000000800000000)
  region size 4096K, 13 young (53248K), 0 survivors (0K)
 Metaspace       used 83998K, capacity 87181K, committed 87256K, reserved 1124352K
  class space    used 11058K, capacity 12247K, committed 12288K, reserved 1048576K
}
Event: 552.448 GC heap after
{Heap after GC invocations=38 (full 8):
 garbage-first heap   total 139264K, used 55986K [0x0000000380000000, 0x0000000800000000)
  region size 4096K, 1 young (4096K), 1 survivors (4096K)
 Metaspace       used 83998K, capacity 87181K, committed 87256K, reserved 1124352K
  class space    used 11058K, capacity 12247K, committed 12288K, reserved 1048576K
}
Event: 552.521 GC heap before
{Heap before GC invocations=38 (full 8):
 garbage-first heap   total 139264K, used 101042K [0x0000000380000000, 0x0000000800000000)
  region size 4096K, 13 young (53248K), 1 survivors (4096K)
 Metaspace       used 84010K, capacity 87245K, committed 87512K, reserved 1124352K
  class space    used 11060K, capacity 12247K, committed 12288K, reserved 1048576K
}
Event: 552.523 GC heap after
{Heap after GC invocations=39 (full 8):
 garbage-first heap   total 139264K, used 56685K [0x0000000380000000, 0x0000000800000000)
  region size 4096K, 1 young (4096K), 1 survivors (4096K)
 Metaspace       used 84010K, capacity 87245K, committed 87512K, reserved 1124352K
  class space    used 11060K, capacity 12247K, committed 12288K, reserved 1048576K
}
Event: 552.727 GC heap before
{Heap before GC invocations=39 (full 8):
 garbage-first heap   total 139264K, used 105837K [0x0000000380000000, 0x0000000800000000)
  region size 4096K, 13 young (53248K), 1 survivors (4096K)
 Metaspace       used 84274K, capacity 87443K, committed 87512K, reserved 1124352K
  class space    used 11075K, capacity 12248K, committed 12288K, reserved 1048576K
}
Event: 552.730 GC heap after
{Heap after GC invocations=40 (full 8):
 garbage-first heap   total 139264K, used 58240K [0x0000000380000000, 0x0000000800000000)
  region size 4096K, 2 young (8192K), 2 survivors (8192K)
 Metaspace       used 84274K, capacity 87443K, committed 87512K, reserved 1124352K
  class space    used 11075K, capacity 12248K, committed 12288K, reserved 1048576K
}
Event: 563.268 GC heap before
{Heap before GC invocations=40 (full 8):
 garbage-first heap   total 139264K, used 91008K [0x0000000380000000, 0x0000000800000000)
  region size 4096K, 11 young (45056K), 2 survivors (8192K)
 Metaspace       used 84303K, capacity 87519K, committed 87768K, reserved 1124352K
  class space    used 11078K, capacity 12251K, committed 12288K, reserved 1048576K
}
Event: 563.351 GC heap after
{Heap after GC invocations=41 (full 9):
 garbage-first heap   total 139264K, used 55646K [0x0000000380000000, 0x0000000800000000)
  region size 4096K, 0 young (0K), 0 survivors (0K)
 Metaspace       used 84295K, capacity 87507K, committed 87768K, reserved 1124352K
  class space    used 11077K, capacity 12249K, committed 12288K, reserved 1048576K
}
Event: 563.518 GC heap before
{Heap before GC invocations=41 (full 9):
 garbage-first heap   total 139264K, used 104798K [0x0000000380000000, 0x0000000800000000)
  region size 4096K, 12 young (49152K), 0 survivors (0K)
 Metaspace       used 84384K, capacity 87627K, committed 87896K, reserved 1124352K
  class space    used 11089K, capacity 12289K, committed 12416K, reserved 1048576K
}
Event: 563.520 GC heap after
{Heap after GC invocations=42 (full 9):
 garbage-first heap   total 139264K, used 58427K [0x0000000380000000, 0x0000000800000000)
  region size 4096K, 1 young (4096K), 1 survivors (4096K)
 Metaspace       used 84384K, capacity 87627K, committed 87896K, reserved 1124352K
  class space    used 11089K, capacity 12289K, committed 12416K, reserved 1048576K
}
Event: 563.612 GC heap before
{Heap before GC invocations=42 (full 9):
 garbage-first heap   total 139264K, used 99387K [0x0000000380000000, 0x0000000800000000)
  region size 4096K, 12 young (49152K), 1 survivors (4096K)
 Metaspace       used 84396K, capacity 87691K, committed 87896K, reserved 1124352K
  class space    used 11090K, capacity 12289K, committed 12416K, reserved 1048576K
}
Event: 563.614 GC heap after
{Heap after GC invocations=43 (full 9):
 garbage-first heap   total 139264K, used 59241K [0x0000000380000000, 0x0000000800000000)
  region size 4096K, 1 young (4096K), 1 survivors (4096K)
 Metaspace       used 84396K, capacity 87691K, committed 87896K, reserved 1124352K
  class space    used 11090K, capacity 12289K, committed 12416K, reserved 1048576K
}
Event: 563.779 GC heap before
{Heap before GC invocations=43 (full 9):
 garbage-first heap   total 139264K, used 100201K [0x0000000380000000, 0x0000000800000000)
  region size 4096K, 12 young (49152K), 1 survivors (4096K)
 Metaspace       used 84574K, capacity 87819K, committed 88152K, reserved 1124352K
  class space    used 11101K, capacity 12289K, committed 12416K, reserved 1048576K
}
Event: 563.781 GC heap after
{Heap after GC invocations=44 (full 9):
 garbage-first heap   total 139264K, used 60770K [0x0000000380000000, 0x0000000800000000)
  region size 4096K, 2 young (8192K), 2 survivors (8192K)
 Metaspace       used 84574K, capacity 87819K, committed 88152K, reserved 1124352K
  class space    used 11101K, capacity 12289K, committed 12416K, reserved 1048576K
}
Event: 563.908 GC heap before
{Heap before GC invocations=44 (full 9):
 garbage-first heap   total 139264K, used 101730K [0x0000000380000000, 0x0000000800000000)
  region size 4096K, 12 young (49152K), 2 survivors (8192K)
 Metaspace       used 84686K, capacity 87959K, committed 88152K, reserved 1124352K
  class space    used 11108K, capacity 12291K, committed 12416K, reserved 1048576K
}
Event: 563.912 GC heap after
{Heap after GC invocations=45 (full 9):
 garbage-first heap   total 139264K, used 62865K [0x0000000380000000, 0x0000000800000000)
  region size 4096K, 2 young (8192K), 2 survivors (8192K)
 Metaspace       used 84686K, capacity 87959K, committed 88152K, reserved 1124352K
  class space    used 11108K, capacity 12291K, committed 12416K, reserved 1048576K
}

Deoptimization events (20 events):
Event: 651.222 Thread 0x00007f7bd787b000 DEOPT PACKING pc=0x000000011cb340e4 sp=0x0000700006c3acd0
Event: 651.222 Thread 0x00007f7bd787b000 DEOPT UNPACKING pc=0x000000011bb97bca sp=0x0000700006c3a198 mode 1
Event: 651.222 Thread 0x00007f7bd787b000 DEOPT PACKING pc=0x000000011cb32dac sp=0x0000700006c3ad30
Event: 651.222 Thread 0x00007f7bd787b000 DEOPT UNPACKING pc=0x000000011bb97bca sp=0x0000700006c3a2a0 mode 1
Event: 651.222 Thread 0x00007f7bd787b000 DEOPT PACKING pc=0x000000011cb349d1 sp=0x0000700006c3ac50
Event: 651.222 Thread 0x00007f7bd787b000 DEOPT UNPACKING pc=0x000000011bb97bca sp=0x0000700006c3a138 mode 1
Event: 651.222 Thread 0x00007f7bd787b000 DEOPT PACKING pc=0x000000011cb340e4 sp=0x0000700006c3acd0
Event: 651.222 Thread 0x00007f7bd787b000 DEOPT UNPACKING pc=0x000000011bb97bca sp=0x0000700006c3a198 mode 1
Event: 651.222 Thread 0x00007f7bd787b000 DEOPT PACKING pc=0x000000011cb32dac sp=0x0000700006c3ad30
Event: 651.222 Thread 0x00007f7bd787b000 DEOPT UNPACKING pc=0x000000011bb97bca sp=0x0000700006c3a2a0 mode 1
Event: 651.222 Thread 0x00007f7bd787b000 DEOPT PACKING pc=0x000000011cb349d1 sp=0x0000700006c3ad90
Event: 651.222 Thread 0x00007f7bd787b000 DEOPT UNPACKING pc=0x000000011bb97bca sp=0x0000700006c3a278 mode 1
Event: 651.222 Thread 0x00007f7bd787b000 DEOPT PACKING pc=0x000000011cb340e4 sp=0x0000700006c3ae10
Event: 651.222 Thread 0x00007f7bd787b000 DEOPT UNPACKING pc=0x000000011bb97bca sp=0x0000700006c3a2d8 mode 1
Event: 651.222 Thread 0x00007f7bd787b000 DEOPT PACKING pc=0x000000011cb32dac sp=0x0000700006c3ae70
Event: 651.222 Thread 0x00007f7bd787b000 DEOPT UNPACKING pc=0x000000011bb97bca sp=0x0000700006c3a3e0 mode 1
Event: 651.226 Thread 0x00007f7bd7810800 DEOPT PACKING pc=0x000000011d5dfe0c sp=0x0000700005e136c0
Event: 651.226 Thread 0x00007f7bd7810800 DEOPT UNPACKING pc=0x000000011bb97bca sp=0x0000700005e12ba8 mode 1
Event: 651.226 Thread 0x00007f7c56879000 DEOPT PACKING pc=0x000000011d5dfe0c sp=0x0000700004bdd6c0
Event: 651.226 Thread 0x00007f7c56879000 DEOPT UNPACKING pc=0x000000011bb97bca sp=0x0000700004bdcba8 mode 1

Classes redefined (20 events):
Event: 647.358 Thread 0x00007f7c469e6000 redefined class name=com.paymybuddy.controller.FriendController, count=1
Event: 647.396 Thread 0x00007f7c469e6000 redefined class name=com.paymybuddy.controller.FriendController, count=4
Event: 647.430 Thread 0x00007f7c469e6000 redefined class name=com.paymybuddy.controller.FriendController, count=7
Event: 647.461 Thread 0x00007f7c469e6000 redefined class name=com.paymybuddy.controller.FriendController, count=9
Event: 647.493 Thread 0x00007f7c469e6000 redefined class name=com.paymybuddy.controller.FriendController, count=1
Event: 647.525 Thread 0x00007f7c469e6000 redefined class name=com.paymybuddy.controller.FriendController, count=3
Event: 647.555 Thread 0x00007f7c469e6000 redefined class name=com.paymybuddy.controller.FriendController, count=6
Event: 647.586 Thread 0x00007f7c469e6000 redefined class name=com.paymybuddy.controller.FriendController, count=8
Event: 647.617 Thread 0x00007f7c469e6000 redefined class name=com.paymybuddy.controller.FriendController, count=10
Event: 647.649 Thread 0x00007f7c469e6000 redefined class name=com.paymybuddy.controller.FriendController, count=3
Event: 652.286 Thread 0x00007f7c469e6000 redefined class name=com.paymybuddy.controller.FriendController, count=2
Event: 652.321 Thread 0x00007f7c469e6000 redefined class name=com.paymybuddy.controller.FriendController, count=5
Event: 652.353 Thread 0x00007f7c469e6000 redefined class name=com.paymybuddy.controller.FriendController, count=8
Event: 652.386 Thread 0x00007f7c469e6000 redefined class name=com.paymybuddy.controller.FriendController, count=10
Event: 652.417 Thread 0x00007f7c469e6000 redefined class name=com.paymybuddy.controller.FriendController, count=2
Event: 652.447 Thread 0x00007f7c469e6000 redefined class name=com.paymybuddy.controller.FriendController, count=4
Event: 652.477 Thread 0x00007f7c469e6000 redefined class name=com.paymybuddy.controller.FriendController, count=7
Event: 652.524 Thread 0x00007f7c469e6000 redefined class name=com.paymybuddy.controller.FriendController, count=9
Event: 652.555 Thread 0x00007f7c469e6000 redefined class name=com.paymybuddy.controller.FriendController, count=11
Event: 652.584 Thread 0x00007f7c469e6000 redefined class name=com.paymybuddy.controller.FriendController, count=4

Internal exceptions (20 events):
Event: 563.588 Thread 0x00007f7c26910800 Exception <a 'java/lang/NoClassDefFoundError'{0x0000000387f05148}: org/springframework/batch/core/repository/JobRepository> (0x0000000387f05148) thrown at [./src/hotspot/share/oops/constantPool.cpp, line 775]
Event: 563.588 Thread 0x00007f7c26910800 Exception <a 'java/lang/NoClassDefFoundError'{0x0000000387f05480}: org/quartz/Scheduler> (0x0000000387f05480) thrown at [./src/hotspot/share/oops/constantPool.cpp, line 775]
Event: 563.588 Thread 0x00007f7c26910800 Exception <a 'java/lang/NoClassDefFoundError'{0x0000000387f057b8}: org/springframework/session/jdbc/JdbcIndexedSessionRepository> (0x0000000387f057b8) thrown at [./src/hotspot/share/oops/constantPool.cpp, line 775]
Event: 563.619 Thread 0x00007f7c26910800 Exception <a 'java/io/FileNotFoundException'{0x0000000387eb1648}> (0x0000000387eb1648) thrown at [./src/hotspot/share/prims/jni.cpp, line 615]
Event: 563.725 Thread 0x00007f7c26910800 Exception <a 'java/lang/ClassNotFoundException'{0x0000000386862e08}: java/lang/ObjectCustomizer> (0x0000000386862e08) thrown at [./src/hotspot/share/classfile/systemDictionary.cpp, line 231]
Event: 563.725 Thread 0x00007f7c26910800 Exception <a 'java/lang/ClassNotFoundException'{0x0000000386880db0}: org/springframework/security/config/annotation/web/configuration/WebSecurityConfigurerAdapterCustomizer> (0x0000000386880db0) thrown at [./src/hotspot/share/classfile/systemDictionary.cpp, line 231]
Event: 563.726 Thread 0x00007f7c26910800 Exception <a 'java/lang/ClassNotFoundException'{0x000000038689e200}: com/paymybuddy/configuration/SpringSecurityConfigCustomizer> (0x000000038689e200) thrown at [./src/hotspot/share/classfile/systemDictionary.cpp, line 231]
Event: 563.726 Thread 0x00007f7c26910800 Exception <a 'java/lang/ClassNotFoundException'{0x00000003868bbc18}: com/paymybuddy/configuration/SpringSecurityConfig$$EnhancerBySpringCGLIB$$cad8b614Customizer> (0x00000003868bbc18) thrown at [./src/hotspot/share/classfile/systemDictionary.cpp, line 231]
Event: 563.727 Thread 0x00007f7c26910800 Exception <a 'java/lang/ClassNotFoundException'{0x00000003868e34c8}: org/springframework/context/annotation/ConfigurationClassEnhancer$EnhancedConfigurationCustomizer> (0x00000003868e34c8) thrown at [./src/hotspot/share/classfile/systemDictionary.cpp, line 231]
Event: 563.727 Thread 0x00007f7c26910800 Exception <a 'java/lang/ClassNotFoundException'{0x00000003868f7a58}: org/springframework/beans/factory/BeanFactoryAwareCustomizer> (0x00000003868f7a58) thrown at [./src/hotspot/share/classfile/systemDictionary.cpp, line 231]
Event: 563.727 Thread 0x00007f7c26910800 Exception <a 'java/lang/ClassNotFoundException'{0x000000038690b558}: org/springframework/beans/factory/AwareCustomizer> (0x000000038690b558) thrown at [./src/hotspot/share/classfile/systemDictionary.cpp, line 231]
Event: 563.727 Thread 0x00007f7c26910800 Exception <a 'java/lang/ClassNotFoundException'{0x0000000386922f88}: org/springframework/security/config/annotation/web/WebSecurityConfigurerCustomizer> (0x0000000386922f88) thrown at [./src/hotspot/share/classfile/systemDictionary.cpp, line 231]
Event: 563.728 Thread 0x00007f7c26910800 Exception <a 'java/lang/ClassNotFoundException'{0x0000000386939c58}: org/springframework/security/config/annotation/SecurityConfigurerCustomizer> (0x0000000386939c58) thrown at [./src/hotspot/share/classfile/systemDictionary.cpp, line 231]
Event: 563.752 Thread 0x00007f7c26910800 Exception <a 'java/lang/ClassNotFoundException'{0x00000003864fee48}: java/lang/ObjectCustomizer> (0x00000003864fee48) thrown at [./src/hotspot/share/classfile/systemDictionary.cpp, line 231]
Event: 563.753 Thread 0x00007f7c26910800 Exception <a 'java/lang/ClassNotFoundException'{0x0000000386514618}: com/paymybuddy/model/UserCustomizer> (0x0000000386514618) thrown at [./src/hotspot/share/classfile/systemDictionary.cpp, line 231]
Event: 563.754 Thread 0x00007f7c26910800 Exception <a 'java/lang/ClassNotFoundException'{0x00000003865705b8}: java/lang/ObjectCustomizer> (0x00000003865705b8) thrown at [./src/hotspot/share/classfile/systemDictionary.cpp, line 231]
Event: 563.754 Thread 0x00007f7c26910800 Exception <a 'java/lang/ClassNotFoundException'{0x00000003865869c8}: com/paymybuddy/model/BankAccountCustomizer> (0x00000003865869c8) thrown at [./src/hotspot/share/classfile/systemDictionary.cpp, line 231]
Event: 563.764 Thread 0x00007f7c26910800 Exception <a 'java/lang/reflect/InvocationTargetException'{0x00000003862329d8}> (0x00000003862329d8) thrown at [./src/hotspot/share/runtime/reflection.cpp, line 1247]
Event: 563.796 Thread 0x00007f7c26910800 Exception <a 'java/lang/ClassNotFoundException'{0x00000003885f99b0}: java/lang/ObjectCustomizer> (0x00000003885f99b0) thrown at [./src/hotspot/share/classfile/systemDictionary.cpp, line 231]
Event: 563.796 Thread 0x00007f7c26910800 Exception <a 'java/lang/ClassNotFoundException'{0x000000038860fdc0}: com/paymybuddy/model/TransactionCustomizer> (0x000000038860fdc0) thrown at [./src/hotspot/share/classfile/systemDictionary.cpp, line 231]

Events (20 events):
Event: 652.664 Executing VM operation: ChangeBreakpoints done
Event: 652.664 Executing VM operation: ChangeBreakpoints
Event: 652.667 Executing VM operation: ChangeBreakpoints done
Event: 652.667 Executing VM operation: ChangeBreakpoints
Event: 652.670 Executing VM operation: ChangeBreakpoints done
Event: 652.670 Executing VM operation: ChangeBreakpoints
Event: 652.673 Executing VM operation: ChangeBreakpoints done
Event: 652.673 Executing VM operation: GetFrameCount
Event: 652.673 Executing VM operation: GetFrameCount done
Event: 652.673 Executing VM operation: GetStackTrace
Event: 652.673 Executing VM operation: GetStackTrace done
Event: 652.774 Executing VM operation: GetFrameCount
Event: 652.774 Executing VM operation: GetFrameCount done
Event: 652.774 Executing VM operation: GetOwnedMonitorInfo
Event: 652.774 Executing VM operation: GetOwnedMonitorInfo done
Event: 652.774 Executing VM operation: GetCurrentContendedMonitor
Event: 652.774 Executing VM operation: GetCurrentContendedMonitor done
Event: 652.991 Executing VM operation: GetFrameLocation
Event: 652.991 Executing VM operation: GetFrameLocation done
Event: 652.991 Executing VM operation: GetOrSetLocal


Dynamic libraries:
0x000000010fda3000 	/Library/Java/JavaVirtualMachines/adoptopenjdk-11.jdk/Contents/Home/lib/jli/libjli.dylib
0x00007ff83602d000 	/System/Library/Frameworks/Cocoa.framework/Versions/A/Cocoa
0x00007ff821e9e000 	/System/Library/Frameworks/AppKit.framework/Versions/C/AppKit
0x00007ff82539a000 	/System/Library/Frameworks/CoreData.framework/Versions/A/CoreData
0x00007ff8202b5000 	/System/Library/Frameworks/Foundation.framework/Versions/C/Foundation
0x00007ff82a162000 	/usr/lib/libSystem.B.dylib
0x00007ff822d30000 	/System/Library/PrivateFrameworks/UIFoundation.framework/Versions/A/UIFoundation
0x00007ff82ffd9000 	/System/Library/PrivateFrameworks/RemoteViewServices.framework/Versions/A/RemoteViewServices
0x00007ff8283c4000 	/System/Library/PrivateFrameworks/XCTTargetBootstrap.framework/Versions/A/XCTTargetBootstrap
0x00007ff82bf72000 	/System/Library/PrivateFrameworks/InternationalSupport.framework/Versions/A/InternationalSupport
0x00007ff82bffc000 	/System/Library/PrivateFrameworks/UserActivity.framework/Versions/A/UserActivity
0x00007ff82b352000 	/usr/lib/libspindump.dylib
0x00007ff822fbe000 	/System/Library/Frameworks/UniformTypeIdentifiers.framework/Versions/A/UniformTypeIdentifiers
0x00007ff826afd000 	/usr/lib/libapp_launch_measurement.dylib
0x00007ff825d66000 	/System/Library/PrivateFrameworks/CoreAnalytics.framework/Versions/A/CoreAnalytics
0x00007ff826b00000 	/System/Library/PrivateFrameworks/CoreAutoLayout.framework/Versions/A/CoreAutoLayout
0x00007ff827d20000 	/System/Library/Frameworks/Metal.framework/Versions/A/Metal
0x00007ff828a3a000 	/usr/lib/liblangid.dylib
0x00007ff8283c8000 	/System/Library/PrivateFrameworks/CoreSVG.framework/Versions/A/CoreSVG
0x00007ff824385000 	/System/Library/PrivateFrameworks/SkyLight.framework/Versions/A/SkyLight
0x00007ff82471b000 	/System/Library/Frameworks/CoreGraphics.framework/Versions/A/CoreGraphics
0x00007ff830648000 	/System/Library/Frameworks/Accelerate.framework/Versions/A/Accelerate
0x00007ff82adcd000 	/System/Library/PrivateFrameworks/IconServices.framework/Versions/A/IconServices
0x00007ff827d05000 	/System/Library/Frameworks/IOSurface.framework/Versions/A/IOSurface
0x00007ff825d94000 	/usr/lib/libDiagnosticMessagesClient.dylib
0x00007ff82a082000 	/usr/lib/libz.1.dylib
0x00007ff833cb9000 	/System/Library/Frameworks/ApplicationServices.framework/Versions/A/ApplicationServices
0x00007ff8283b0000 	/System/Library/PrivateFrameworks/DFRFoundation.framework/Versions/A/DFRFoundation
0x00007ff82178f000 	/usr/lib/libicucore.A.dylib
0x00007ff82cc97000 	/System/Library/Frameworks/AudioToolbox.framework/Versions/A/AudioToolbox
0x00007ff82bf7e000 	/System/Library/PrivateFrameworks/DataDetectorsCore.framework/Versions/A/DataDetectorsCore
0x00007ff9278d6000 	/System/Library/PrivateFrameworks/TextInput.framework/Versions/A/TextInput
0x00007ff824309000 	/usr/lib/libMobileGestalt.dylib
0x00007ff8280b8000 	/System/Library/Frameworks/Carbon.framework/Versions/A/Frameworks/HIToolbox.framework/Versions/A/HIToolbox
0x00007ff82652a000 	/System/Library/Frameworks/QuartzCore.framework/Versions/A/QuartzCore
0x00007ff82142f000 	/System/Library/Frameworks/Security.framework/Versions/A/Security
0x00007ff830011000 	/System/Library/Frameworks/Carbon.framework/Versions/A/Frameworks/SpeechRecognition.framework/Versions/A/SpeechRecognition
0x00007ff82685d000 	/System/Library/PrivateFrameworks/CoreUI.framework/Versions/A/CoreUI
0x00007ff820d07000 	/System/Library/Frameworks/CoreAudio.framework/Versions/A/CoreAudio
0x00007ff825e82000 	/System/Library/Frameworks/DiskArbitration.framework/Versions/A/DiskArbitration
0x00007ff82b739000 	/System/Library/PrivateFrameworks/MultitouchSupport.framework/Versions/A/MultitouchSupport
0x00007ff824308000 	/usr/lib/libenergytrace.dylib
0x00007ff821d8a000 	/System/Library/Frameworks/IOKit.framework/Versions/A/IOKit
0x00007ff8303fd000 	/System/Library/Frameworks/CoreServices.framework/Versions/A/CoreServices
0x00007ff826a97000 	/System/Library/PrivateFrameworks/PerformanceAnalysis.framework/Versions/A/PerformanceAnalysis
0x00007ffa370a6000 	/System/Library/Frameworks/OpenGL.framework/Versions/A/OpenGL
0x00007ff8296af000 	/System/Library/PrivateFrameworks/MobileKeyBag.framework/Versions/A/MobileKeyBag
0x00007ff81f276000 	/usr/lib/libobjc.A.dylib
0x00007ff824de7000 	/System/Library/Frameworks/ColorSync.framework/Versions/A/ColorSync
0x00007ff81f42f000 	/System/Library/Frameworks/CoreFoundation.framework/Versions/A/CoreFoundation
0x00007ff828641000 	/System/Library/Frameworks/CoreImage.framework/Versions/A/CoreImage
0x00007ff820b1d000 	/System/Library/Frameworks/CoreText.framework/Versions/A/CoreText
0x00007ff8283f7000 	/System/Library/Frameworks/ImageIO.framework/Versions/A/ImageIO
0x00007ff82a168000 	/System/Library/PrivateFrameworks/SoftLinking.framework/Versions/A/SoftLinking
0x00007ff826b48000 	/usr/lib/libxml2.2.dylib
0x00007ff81f33c000 	/usr/lib/libc++.1.dylib
0x00007ff82a3ec000 	/usr/lib/libcompression.dylib
0x00007ff82bea8000 	/System/Library/PrivateFrameworks/TextureIO.framework/Versions/A/TextureIO
0x00007ff82aadf000 	/usr/lib/libate.dylib
0x00007ff82a15d000 	/usr/lib/system/libcache.dylib
0x00007ff82a119000 	/usr/lib/system/libcommonCrypto.dylib
0x00007ff82a142000 	/usr/lib/system/libcompiler_rt.dylib
0x00007ff82a138000 	/usr/lib/system/libcopyfile.dylib
0x00007ff81f170000 	/usr/lib/system/libcorecrypto.dylib
0x00007ff81f22f000 	/usr/lib/system/libdispatch.dylib
0x00007ff81f3ee000 	/usr/lib/system/libdyld.dylib
0x00007ff82a154000 	/usr/lib/system/libkeymgr.dylib
0x00007ff82a0f7000 	/usr/lib/system/libmacho.dylib
0x00007ff829783000 	/usr/lib/system/libquarantine.dylib
0x00007ff82a152000 	/usr/lib/system/libremovefile.dylib
0x00007ff824355000 	/usr/lib/system/libsystem_asl.dylib
0x00007ff81f11e000 	/usr/lib/system/libsystem_blocks.dylib
0x00007ff81f2b3000 	/usr/lib/system/libsystem_c.dylib
0x00007ff82a14a000 	/usr/lib/system/libsystem_collections.dylib
0x00007ff828a2b000 	/usr/lib/system/libsystem_configuration.dylib
0x00007ff827ce8000 	/usr/lib/system/libsystem_containermanager.dylib
0x00007ff829e34000 	/usr/lib/system/libsystem_coreservices.dylib
0x00007ff821a18000 	/usr/lib/system/libsystem_darwin.dylib
0x00007ff82a155000 	/usr/lib/system/libsystem_dnssd.dylib
0x00007ff81f2b0000 	/usr/lib/system/libsystem_featureflags.dylib
0x00007ff81f404000 	/usr/lib/system/libsystem_info.dylib
0x00007ff82a095000 	/usr/lib/system/libsystem_m.dylib
0x00007ff81f203000 	/usr/lib/system/libsystem_malloc.dylib
0x00007ff8242f2000 	/usr/lib/system/libsystem_networkextension.dylib
0x00007ff821e40000 	/usr/lib/system/libsystem_notify.dylib
0x00007ff8302d2000 	/usr/lib/system/libsystem_product_info_filter.dylib
0x00007ff828a2f000 	/usr/lib/system/libsystem_sandbox.dylib
0x00007ff82a14f000 	/usr/lib/system/libsystem_secinit.dylib
0x00007ff81f3ab000 	/usr/lib/system/libsystem_kernel.dylib
0x00007ff81f3fa000 	/usr/lib/system/libsystem_platform.dylib
0x00007ff81f3e2000 	/usr/lib/system/libsystem_pthread.dylib
0x00007ff825bad000 	/usr/lib/system/libsystem_symptoms.dylib
0x00007ff81f157000 	/usr/lib/system/libsystem_trace.dylib
0x00007ff82a125000 	/usr/lib/system/libunwind.dylib
0x00007ff81f120000 	/usr/lib/system/libxpc.dylib
0x00007ff81f395000 	/usr/lib/libc++abi.dylib
0x00007ff82a130000 	/usr/lib/liboah.dylib
0x00007ff82a8bd000 	/usr/lib/liblzma.5.dylib
0x00007ff81ffc6000 	/System/Library/Frameworks/SystemConfiguration.framework/Versions/A/SystemConfiguration
0x00007ff82a164000 	/usr/lib/libfakelink.dylib
0x00007ff823e5b000 	/System/Library/Frameworks/CFNetwork.framework/Versions/A/CFNetwork
0x00007ff82a2a3000 	/usr/lib/libarchive.2.dylib
0x00007ff828a36000 	/System/Library/PrivateFrameworks/AppleSystemInfo.framework/Versions/A/AppleSystemInfo
0x00007ff8297aa000 	/usr/lib/libbsm.0.dylib
0x00007ff823491000 	/usr/lib/libnetwork.dylib
0x00007ff82a0fd000 	/usr/lib/system/libkxld.dylib
0x00007ff8293d8000 	/System/Library/PrivateFrameworks/IOMobileFramebuffer.framework/Versions/A/IOMobileFramebuffer
0x00007ffb34ecb000 	/usr/lib/libCoreEntitlements.dylib
0x00007ff829e16000 	/System/Library/PrivateFrameworks/AppleFSCompression.framework/Versions/A/AppleFSCompression
0x00007ff829792000 	/usr/lib/libcoretls.dylib
0x00007ff82a8d7000 	/usr/lib/libcoretls_cfhelpers.dylib
0x00007ff82a3e7000 	/usr/lib/libpam.2.dylib
0x00007ff8257cf000 	/usr/lib/libsqlite3.dylib
0x00007ff82a946000 	/usr/lib/libxar.1.dylib
0x00007ff829e26000 	/usr/lib/libbz2.1.0.dylib
0x00007ff82a169000 	/usr/lib/libpcap.A.dylib
0x00007ff825ba4000 	/usr/lib/libdns_services.dylib
0x00007ff82a3b6000 	/usr/lib/libapple_nghttp2.dylib
0x00007ff82a1a0000 	/usr/lib/libiconv.2.dylib
0x00007ff82a0f6000 	/usr/lib/libcharset.1.dylib
0x00007ff826acb000 	/System/Library/Frameworks/CoreServices.framework/Versions/A/Frameworks/FSEvents.framework/Versions/A/FSEvents
0x00007ff821a22000 	/System/Library/Frameworks/CoreServices.framework/Versions/A/Frameworks/CarbonCore.framework/Versions/A/CarbonCore
0x00007ff825de7000 	/System/Library/Frameworks/CoreServices.framework/Versions/A/Frameworks/Metadata.framework/Versions/A/Metadata
0x00007ff829e39000 	/System/Library/Frameworks/CoreServices.framework/Versions/A/Frameworks/OSServices.framework/Versions/A/OSServices
0x00007ff82a32a000 	/System/Library/Frameworks/CoreServices.framework/Versions/A/Frameworks/SearchKit.framework/Versions/A/SearchKit
0x00007ff825b36000 	/System/Library/Frameworks/CoreServices.framework/Versions/A/Frameworks/AE.framework/Versions/A/AE
0x00007ff81f932000 	/System/Library/Frameworks/CoreServices.framework/Versions/A/Frameworks/LaunchServices.framework/Versions/A/LaunchServices
0x00007ff82a86e000 	/System/Library/Frameworks/CoreServices.framework/Versions/A/Frameworks/DictionaryServices.framework/Versions/A/DictionaryServices
0x00007ff826ad8000 	/System/Library/Frameworks/CoreServices.framework/Versions/A/Frameworks/SharedFileList.framework/Versions/A/SharedFileList
0x00007ff829786000 	/usr/lib/libCheckFix.dylib
0x00007ff82436c000 	/System/Library/PrivateFrameworks/TCC.framework/Versions/A/TCC
0x00007ff828a3c000 	/System/Library/PrivateFrameworks/CoreNLP.framework/Versions/A/CoreNLP
0x00007ff825d97000 	/System/Library/PrivateFrameworks/MetadataUtilities.framework/Versions/A/MetadataUtilities
0x00007ff820076000 	/usr/lib/libmecabra.dylib
0x00007ff8297ba000 	/usr/lib/libmecab.dylib
0x00007ff820041000 	/usr/lib/libCRFSuite.dylib
0x00007ff829817000 	/usr/lib/libgermantok.dylib
0x00007ff82a391000 	/usr/lib/libThaiTokenizer.dylib
0x00007ff825e89000 	/System/Library/Frameworks/Accelerate.framework/Versions/A/Frameworks/vImage.framework/Versions/A/vImage
0x00007ff8303d4000 	/System/Library/Frameworks/Accelerate.framework/Versions/A/Frameworks/vecLib.framework/Versions/A/vecLib
0x00007ff82a987000 	/System/Library/Frameworks/Accelerate.framework/Versions/A/Frameworks/vecLib.framework/Versions/A/libvMisc.dylib
0x00007ff8291f6000 	/System/Library/Frameworks/Accelerate.framework/Versions/A/Frameworks/vecLib.framework/Versions/A/libvDSP.dylib
0x00007ff81fcaa000 	/System/Library/Frameworks/Accelerate.framework/Versions/A/Frameworks/vecLib.framework/Versions/A/libBLAS.dylib
0x00007ff82a4c8000 	/System/Library/Frameworks/Accelerate.framework/Versions/A/Frameworks/vecLib.framework/Versions/A/libLAPACK.dylib
0x00007ff82981a000 	/System/Library/Frameworks/Accelerate.framework/Versions/A/Frameworks/vecLib.framework/Versions/A/libLinearAlgebra.dylib
0x00007ff82a3cf000 	/System/Library/Frameworks/Accelerate.framework/Versions/A/Frameworks/vecLib.framework/Versions/A/libSparseBLAS.dylib
0x00007ff82a4c2000 	/System/Library/Frameworks/Accelerate.framework/Versions/A/Frameworks/vecLib.framework/Versions/A/libQuadrature.dylib
0x00007ff828b26000 	/System/Library/Frameworks/Accelerate.framework/Versions/A/Frameworks/vecLib.framework/Versions/A/libBNNS.dylib
0x00007ff81ff57000 	/System/Library/Frameworks/Accelerate.framework/Versions/A/Frameworks/vecLib.framework/Versions/A/libSparse.dylib
0x00007ff828b1f000 	/System/Library/PrivateFrameworks/LinguisticData.framework/Versions/A/LinguisticData
0x00007ff81ff0c000 	/System/Library/PrivateFrameworks/Lexicon.framework/Versions/A/Lexicon
0x00007ff82a980000 	/usr/lib/libChineseTokenizer.dylib
0x00007ff820670000 	/System/Library/PrivateFrameworks/LanguageModeling.framework/Versions/A/LanguageModeling
0x00007ff82a393000 	/System/Library/PrivateFrameworks/AppleSauce.framework/Versions/A/AppleSauce
0x00007ff8293c6000 	/System/Library/PrivateFrameworks/CoreEmoji.framework/Versions/A/CoreEmoji
0x00007ff82a292000 	/usr/lib/libcmph.dylib
0x00007ff826aaf000 	/System/Library/Frameworks/OpenDirectory.framework/Versions/A/Frameworks/CFOpenDirectory.framework/Versions/A/CFOpenDirectory
0x00007ff826aa3000 	/System/Library/Frameworks/OpenDirectory.framework/Versions/A/OpenDirectory
0x00007ff82a8d9000 	/System/Library/PrivateFrameworks/APFS.framework/Versions/A/APFS
0x00007ff8296e7000 	/System/Library/Frameworks/SecurityFoundation.framework/Versions/A/SecurityFoundation
0x00007ff82a954000 	/usr/lib/libutil.dylib
0x00007ff821d4d000 	/System/Library/PrivateFrameworks/CoreServicesStore.framework/Versions/A/CoreServicesStore
0x00007ff82a958000 	/usr/lib/libxslt.1.dylib
0x00007ff829774000 	/System/Library/PrivateFrameworks/BackgroundTaskManagement.framework/Versions/A/BackgroundTaskManagement
0x00007ff82bdc8000 	/System/Library/Frameworks/ImageIO.framework/Versions/A/Resources/libRadiance.dylib
0x00007ff82bdd1000 	/System/Library/Frameworks/ImageIO.framework/Versions/A/Resources/libJPEG.dylib
0x00007ff82bd21000 	/System/Library/Frameworks/ImageIO.framework/Versions/A/Resources/libPng.dylib
0x00007ff82bd42000 	/System/Library/Frameworks/ImageIO.framework/Versions/A/Resources/libTIFF.dylib
0x00007ff82be31000 	/System/Library/Frameworks/ImageIO.framework/Versions/A/Resources/libGIF.dylib
0x00007ff82b652000 	/System/Library/Frameworks/ImageIO.framework/Versions/A/Resources/libJP2.dylib
0x00007ff82ad94000 	/usr/lib/libexpat.1.dylib
0x00007ff82b607000 	/System/Library/PrivateFrameworks/AppleJPEG.framework/Versions/A/AppleJPEG
0x00007ff827f7b000 	/System/Library/PrivateFrameworks/FontServices.framework/libFontParser.dylib
0x00007ff825ae0000 	/System/Library/PrivateFrameworks/RunningBoardServices.framework/Versions/A/RunningBoardServices
0x00007ff8365a9000 	/System/Library/PrivateFrameworks/IOSurfaceAccelerator.framework/Versions/A/IOSurfaceAccelerator
0x00007ff82b735000 	/System/Library/PrivateFrameworks/WatchdogClient.framework/Versions/A/WatchdogClient
0x00007ff82075f000 	/System/Library/Frameworks/CoreDisplay.framework/Versions/A/CoreDisplay
0x00007ff827e7a000 	/System/Library/Frameworks/CoreMedia.framework/Versions/A/CoreMedia
0x00007ff827d17000 	/System/Library/PrivateFrameworks/IOAccelerator.framework/Versions/A/IOAccelerator
0x00007ff826c2b000 	/System/Library/Frameworks/CoreVideo.framework/Versions/A/CoreVideo
0x00007ff82a3e5000 	/System/Library/Frameworks/MetalPerformanceShaders.framework/Versions/A/MetalPerformanceShaders
0x00007ff82b770000 	/System/Library/Frameworks/VideoToolbox.framework/Versions/A/VideoToolbox
0x00007ff825a28000 	/System/Library/PrivateFrameworks/BaseBoard.framework/Versions/A/BaseBoard
0x00007ff8257b5000 	/System/Library/PrivateFrameworks/ProtocolBuffer.framework/Versions/A/ProtocolBuffer
0x00007ff82bdc1000 	/System/Library/PrivateFrameworks/GPUWrangler.framework/Versions/A/GPUWrangler
0x00007ff82bda4000 	/System/Library/PrivateFrameworks/IOPresentment.framework/Versions/A/IOPresentment
0x00007ff82bdcb000 	/System/Library/PrivateFrameworks/DSExternalDisplay.framework/Versions/A/DSExternalDisplay
0x00007ffa3709a000 	/System/Library/Frameworks/OpenGL.framework/Versions/A/Libraries/libCoreFSCache.dylib
0x00007ffb2313b000 	/System/Library/PrivateFrameworks/GPUCompiler.framework/Versions/31001/Libraries/libGPUCompilerUtils.dylib
0x00007ff82be36000 	/System/Library/PrivateFrameworks/CMCaptureCore.framework/Versions/A/CMCaptureCore
0x00007ff82b340000 	/System/Library/PrivateFrameworks/AppServerSupport.framework/Versions/A/AppServerSupport
0x00007ff82d51d000 	/System/Library/PrivateFrameworks/perfdata.framework/Versions/A/perfdata
0x00007ff82088b000 	/System/Library/PrivateFrameworks/AudioToolboxCore.framework/Versions/A/AudioToolboxCore
0x00007ff827e57000 	/System/Library/PrivateFrameworks/caulk.framework/Versions/A/caulk
0x00007ff82ce41000 	/usr/lib/libAudioStatistics.dylib
0x00007ff924164000 	/System/Library/PrivateFrameworks/SystemPolicy.framework/Versions/A/SystemPolicy
0x00007ff82d096000 	/usr/lib/libSMC.dylib
0x00007ff835ee0000 	/System/Library/Frameworks/CoreMIDI.framework/Versions/A/CoreMIDI
0x00007ff82bcf1000 	/usr/lib/libAudioToolboxUtility.dylib
0x00007ff920576000 	/System/Library/PrivateFrameworks/OSAServicesClient.framework/Versions/A/OSAServicesClient
0x00007ff82d52a000 	/usr/lib/libperfcheck.dylib
0x00007ff924bf6000 	/usr/lib/libmis.dylib
0x00007ffa370f6000 	/System/Library/Frameworks/OpenGL.framework/Versions/A/Libraries/libGLU.dylib
0x00007ffa370b9000 	/System/Library/Frameworks/OpenGL.framework/Versions/A/Libraries/libGFXShared.dylib
0x00007ffa372c7000 	/System/Library/Frameworks/OpenGL.framework/Versions/A/Libraries/libGL.dylib
0x00007ffa370c2000 	/System/Library/Frameworks/OpenGL.framework/Versions/A/Libraries/libGLImage.dylib
0x00007ffa370b6000 	/System/Library/Frameworks/OpenGL.framework/Versions/A/Libraries/libCVMSPluginSupport.dylib
0x00007ffa370a1000 	/System/Library/Frameworks/OpenGL.framework/Versions/A/Libraries/libCoreVMClient.dylib
0x00007ff8289ba000 	/System/Library/Frameworks/MetalPerformanceShaders.framework/Versions/A/Frameworks/MPSCore.framework/Versions/A/MPSCore
0x00007ff829d81000 	/System/Library/Frameworks/MetalPerformanceShaders.framework/Versions/A/Frameworks/MPSImage.framework/Versions/A/MPSImage
0x00007ff829830000 	/System/Library/Frameworks/MetalPerformanceShaders.framework/Versions/A/Frameworks/MPSNeuralNetwork.framework/Versions/A/MPSNeuralNetwork
0x00007ff829ca5000 	/System/Library/Frameworks/MetalPerformanceShaders.framework/Versions/A/Frameworks/MPSMatrix.framework/Versions/A/MPSMatrix
0x00007ff829a61000 	/System/Library/Frameworks/MetalPerformanceShaders.framework/Versions/A/Frameworks/MPSRayIntersector.framework/Versions/A/MPSRayIntersector
0x00007ff829cde000 	/System/Library/Frameworks/MetalPerformanceShaders.framework/Versions/A/Frameworks/MPSNDArray.framework/Versions/A/MPSNDArray
0x00007ffa3bcbb000 	/System/Library/Frameworks/MetalPerformanceShaders.framework/Versions/A/Frameworks/MPSFunctions.framework/Versions/A/MPSFunctions
0x00007ff81fb8d000 	/System/Library/PrivateFrameworks/MetalTools.framework/Versions/A/MetalTools
0x00007ff828a34000 	/System/Library/PrivateFrameworks/AggregateDictionary.framework/Versions/A/AggregateDictionary
0x00007ff82ab76000 	/usr/lib/libIOReport.dylib
0x00007ffa386d6000 	/System/Library/Frameworks/OpenCL.framework/Versions/A/OpenCL
0x00007ff82aeda000 	/System/Library/PrivateFrameworks/FaceCore.framework/Versions/A/FaceCore
0x00007ff82aecb000 	/System/Library/PrivateFrameworks/GraphVisualizer.framework/Versions/A/GraphVisualizer
0x00007ffb23046000 	/System/Library/PrivateFrameworks/FontServices.framework/Versions/A/FontServices
0x00007ff82b2f7000 	/System/Library/PrivateFrameworks/OTSVG.framework/Versions/A/OTSVG
0x00007ff826813000 	/System/Library/Frameworks/ApplicationServices.framework/Versions/A/Frameworks/ATS.framework/Versions/A/Resources/libFontRegistry.dylib
0x00007ff82b348000 	/System/Library/PrivateFrameworks/FontServices.framework/libhvf.dylib
0x00007ffb23047000 	/System/Library/PrivateFrameworks/FontServices.framework/libXTFontStaticRegistryData.dylib
0x00007ff82ad44000 	/System/Library/PrivateFrameworks/AppleVA.framework/Versions/A/AppleVA
0x00007ff82ce65000 	/System/Library/Frameworks/ApplicationServices.framework/Versions/A/Frameworks/ATS.framework/Versions/A/ATS
0x00007ff824ee3000 	/System/Library/Frameworks/ApplicationServices.framework/Versions/A/Frameworks/HIServices.framework/Versions/A/HIServices
0x00007ff82be40000 	/System/Library/Frameworks/ApplicationServices.framework/Versions/A/Frameworks/PrintCore.framework/Versions/A/PrintCore
0x00007ff82d1e9000 	/System/Library/Frameworks/ApplicationServices.framework/Versions/A/Frameworks/QD.framework/Versions/A/QD
0x00007ff82d1e1000 	/System/Library/Frameworks/ApplicationServices.framework/Versions/A/Frameworks/ColorSyncLegacy.framework/Versions/A/ColorSyncLegacy
0x00007ff82ce55000 	/System/Library/Frameworks/ApplicationServices.framework/Versions/A/Frameworks/SpeechSynthesis.framework/Versions/A/SpeechSynthesis
0x00007ff82be01000 	/System/Library/Frameworks/ApplicationServices.framework/Versions/A/Frameworks/ATSUI.framework/Versions/A/ATSUI
0x00007ff82d176000 	/usr/lib/libcups.2.dylib
0x00007ff82d539000 	/System/Library/Frameworks/Kerberos.framework/Versions/A/Kerberos
0x00007ff82d548000 	/System/Library/Frameworks/GSS.framework/Versions/A/GSS
0x00007ff82ced1000 	/usr/lib/libresolv.9.dylib
0x00007ff82b357000 	/System/Library/PrivateFrameworks/Heimdal.framework/Versions/A/Heimdal
0x00007ff834036000 	/System/Library/Frameworks/Kerberos.framework/Versions/A/Libraries/libHeimdalProxy.dylib
0x00007ff825bb5000 	/System/Library/Frameworks/Network.framework/Versions/A/Network
0x00007ff82adae000 	/usr/lib/libheimdal-asn1.dylib
0x00007ff82d594000 	/System/Library/PrivateFrameworks/CommonAuth.framework/Versions/A/CommonAuth
0x00007ff82cdd2000 	/System/Library/PrivateFrameworks/AudioSession.framework/Versions/A/AudioSession
0x00007ff82ae3e000 	/System/Library/PrivateFrameworks/MediaExperience.framework/Versions/A/MediaExperience
0x00007ff82cc66000 	/System/Library/PrivateFrameworks/AudioSession.framework/libSessionUtility.dylib
0x00007ff82d1f5000 	/System/Library/PrivateFrameworks/AudioResourceArbitration.framework/Versions/A/AudioResourceArbitration
0x00007ff8311e7000 	/System/Library/PrivateFrameworks/PowerLog.framework/Versions/A/PowerLog
0x00007ff82adb7000 	/System/Library/PrivateFrameworks/IconFoundation.framework/Versions/A/IconFoundation
0x00007ff830001000 	/System/Library/PrivateFrameworks/SpeechRecognitionCore.framework/Versions/A/SpeechRecognitionCore
0x0000000110b7e000 	/Library/Java/JavaVirtualMachines/adoptopenjdk-11.jdk/Contents/Home/lib/server/libjvm.dylib
0x000000010fdf9000 	/Library/Java/JavaVirtualMachines/adoptopenjdk-11.jdk/Contents/Home/lib/libverify.dylib
0x000000010fe36000 	/Library/Java/JavaVirtualMachines/adoptopenjdk-11.jdk/Contents/Home/lib/libjava.dylib
0x000000010fe0a000 	/Library/Java/JavaVirtualMachines/adoptopenjdk-11.jdk/Contents/Home/lib/libjimage.dylib
0x000000010fe9e000 	/Library/Java/JavaVirtualMachines/adoptopenjdk-11.jdk/Contents/Home/lib/libjdwp.dylib
0x000000010fe16000 	/Library/Java/JavaVirtualMachines/adoptopenjdk-11.jdk/Contents/Home/lib/libinstrument.dylib
0x000000010fe62000 	/Library/Java/JavaVirtualMachines/adoptopenjdk-11.jdk/Contents/Home/lib/libzip.dylib
0x000000010fe90000 	/Library/Java/JavaVirtualMachines/adoptopenjdk-11.jdk/Contents/Home/lib/libdt_socket.dylib
0x0000000110b41000 	/Library/Java/JavaVirtualMachines/adoptopenjdk-11.jdk/Contents/Home/lib/libnio.dylib
0x000000011a04c000 	/Library/Java/JavaVirtualMachines/adoptopenjdk-11.jdk/Contents/Home/lib/libnet.dylib
0x000000011a065000 	/Library/Java/JavaVirtualMachines/adoptopenjdk-11.jdk/Contents/Home/lib/libsunec.dylib
0x0000000110b2e000 	/Library/Java/JavaVirtualMachines/adoptopenjdk-11.jdk/Contents/Home/lib/libmanagement.dylib
0x0000000110b5f000 	/Library/Java/JavaVirtualMachines/adoptopenjdk-11.jdk/Contents/Home/lib/libmanagement_ext.dylib
0x0000000110b38000 	/Library/Java/JavaVirtualMachines/adoptopenjdk-11.jdk/Contents/Home/lib/libextnet.dylib


VM Arguments:
jvm_args: -agentlib:jdwp=transport=dt_socket,suspend=y,address=localhost:52688 -Dcom.sun.management.jmxremote -Dcom.sun.management.jmxremote.port=52687 -Dcom.sun.management.jmxremote.authenticate=false -Dcom.sun.management.jmxremote.ssl=false -Djava.rmi.server.hostname=localhost -Dspring.jmx.enabled=true -Dspring.application.admin.enabled=true -XX:TieredStopAtLevel=1 -Dspring.boot.project.name=PayMyBuddy -javaagent:/Applications/Eclipse.app/Contents/Eclipse/configuration/org.eclipse.osgi/819/0/.cp/lib/javaagent-shaded.jar -Dfile.encoding=UTF-8 
java_command: com.paymybuddy.PayMyBuddyApplication
java_class_path (initial): /Users/guillaumebrenot/Git/PayMyBuddy/target/classes:/Users/guillaumebrenot/.m2/repository/org/springframework/boot/spring-boot-starter-actuator/2.6.2/spring-boot-starter-actuator-2.6.2.jar:/Users/guillaumebrenot/.m2/repository/org/springframework/boot/spring-boot-starter/2.6.2/spring-boot-starter-2.6.2.jar:/Users/guillaumebrenot/.m2/repository/org/springframework/boot/spring-boot-starter-logging/2.6.2/spring-boot-starter-logging-2.6.2.jar:/Users/guillaumebrenot/.m2/repository/ch/qos/logback/logback-classic/1.2.9/logback-classic-1.2.9.jar:/Users/guillaumebrenot/.m2/repository/ch/qos/logback/logback-core/1.2.9/logback-core-1.2.9.jar:/Users/guillaumebrenot/.m2/repository/org/apache/logging/log4j/log4j-to-slf4j/2.17.0/log4j-to-slf4j-2.17.0.jar:/Users/guillaumebrenot/.m2/repository/org/apache/logging/log4j/log4j-api/2.17.0/log4j-api-2.17.0.jar:/Users/guillaumebrenot/.m2/repository/org/slf4j/jul-to-slf4j/1.7.32/jul-to-slf4j-1.7.32.jar:/Users/guillaumebrenot/.m2/repository/jakarta/annotation/jakarta.annotation-api/1.3.5/jakarta.annotation-api-1.3.5.jar:/Users/guillaumebrenot/.m2/repository/org/yaml/snakeyaml/1.29/snakeyaml-1.29.jar:/Users/guillaumebrenot/.m2/repository/org/springframework/boot/spring-boot-actuator-autoconfigure/2.6.2/spring-boot-actuator-autoconfigure-2.6.2.jar:/Users/guillaumebrenot/.m2/repository/org/springframework/boot/spring-boot-actuator/2.6.2/spring-boot-actuator-2.6.2.jar:/Users/guillaumebrenot/.m2/repository/com/fasterxml/jackson/core/jackson-databind/2.13.1/jackson-databind-2.13.1.jar:/Users/guillaumebrenot/.m2/repository/com/fasterxml/jackson/core/jackson-annotations/2.13.1/jackson-annotations-2.13.1.jar:/Users/guillaumebrenot/.m2/repository/com/fasterxml/jackson/core/jackson-core/2.13.1/jackson-core-2.13.1.jar:/Users/guillaumebrenot/.m2/repository/com/fasterxml/jackson/datatype/jackson-datatype-jsr310/2.13.1/jackson-datatype-jsr310-2.13.1.jar:/Users/guillaumebrenot/.m2/repository/io/micrometer/micrometer-core/1.8.1
Launcher Type: SUN_STANDARD

[Global flags]
     intx CICompilerCount                          = 12                                        {product} {ergonomic}
     uint ConcGCThreads                            = 4                                         {product} {ergonomic}
     uint G1ConcRefinementThreads                  = 15                                        {product} {ergonomic}
   size_t G1HeapRegionSize                         = 4194304                                   {product} {ergonomic}
    uintx GCDrainStackTargetSize                   = 64                                        {product} {ergonomic}
   size_t InitialHeapSize                          = 1207959552                                {product} {ergonomic}
     bool ManagementServer                         = true                                      {product} {command line}
   size_t MarkStackSize                            = 4194304                                   {product} {ergonomic}
   size_t MaxHeapSize                              = 19327352832                               {product} {ergonomic}
   size_t MaxNewSize                               = 11593056256                               {product} {ergonomic}
   size_t MinHeapDeltaBytes                        = 4194304                                   {product} {ergonomic}
    uintx NonNMethodCodeHeapSize                   = 12163472                               {pd product} {ergonomic}
    uintx NonProfiledCodeHeapSize                  = 239494768                              {pd product} {ergonomic}
    uintx ProfiledCodeHeapSize                     = 0                                      {pd product} {ergonomic}
    uintx ReservedCodeCacheSize                    = 251658240                              {pd product} {ergonomic}
     bool SegmentedCodeCache                       = true                                      {product} {ergonomic}
     intx TieredStopAtLevel                        = 1                                         {product} {command line}
     bool UseCompressedClassPointers               = true                                 {lp64_product} {ergonomic}
     bool UseCompressedOops                        = true                                 {lp64_product} {ergonomic}
     bool UseG1GC                                  = true                                      {product} {ergonomic}

Logging:
Log output configuration:
 #0: stdout all=warning uptime,level,tags
 #1: stderr all=off uptime,level,tags

Environment Variables:
PATH=/usr/bin:/bin:/usr/sbin:/sbin
SHELL=/bin/zsh

Signal Handlers:
SIGSEGV: [libjvm.dylib+0x7bc7ea], sa_mask[0]=11111111011111110111111111111111, sa_flags=SA_ONSTACK|SA_RESTART|SA_SIGINFO
SIGBUS: [libjvm.dylib+0x7bc7ea], sa_mask[0]=11111111011111110111111111111111, sa_flags=SA_RESTART|SA_SIGINFO
SIGFPE: [libjvm.dylib+0x7bc7ea], sa_mask[0]=11111111011111110111111111111111, sa_flags=SA_RESTART|SA_SIGINFO
SIGPIPE: [libjvm.dylib+0x62226b], sa_mask[0]=11111111011111110111111111111111, sa_flags=SA_RESTART|SA_SIGINFO
SIGXFSZ: [libjvm.dylib+0x62226b], sa_mask[0]=11111111011111110111111111111111, sa_flags=SA_RESTART|SA_SIGINFO
SIGILL: [libjvm.dylib+0x7bc7ea], sa_mask[0]=11111111011111110111111111111111, sa_flags=SA_RESTART|SA_SIGINFO
SIGUSR2: [libjvm.dylib+0x622853], sa_mask[0]=00100000000000000000000000000000, sa_flags=SA_RESTART|SA_SIGINFO
SIGHUP: [libjvm.dylib+0x6213f1], sa_mask[0]=11111111011111110111111111111111, sa_flags=SA_RESTART|SA_SIGINFO
SIGINT: [libjvm.dylib+0x6213f1], sa_mask[0]=11111111011111110111111111111111, sa_flags=SA_RESTART|SA_SIGINFO
SIGTERM: [libjvm.dylib+0x6213f1], sa_mask[0]=11111111011111110111111111111111, sa_flags=SA_RESTART|SA_SIGINFO
SIGQUIT: [libjvm.dylib+0x6213f1], sa_mask[0]=11111111011111110111111111111111, sa_flags=SA_RESTART|SA_SIGINFO


---------------  S Y S T E M  ---------------

OS:uname:Darwin 21.3.0 Darwin Kernel Version 21.3.0: Wed Jan  5 21:37:58 PST 2022; root:xnu-8019.80.24~20/RELEASE_X86_64 x86_64
OS uptime: 0 days 4:36 hours
rlimit (soft/hard): STACK 8192k/65532k , CORE 0k/infinity , NPROC 11136/16704 , NOFILE 10240/infinity , AS infinity/infinity , CPU infinity/infinity , DATA infinity/infinity , FSIZE infinity/infinity , MEMLOCK infinity/infinity , RSS infinity/infinity
load average:4.12 2.92 2.61

CPU:total 20 (initial active 20) (10 cores per cpu, 2 threads per core) family 6 model 165 stepping 5 microcode 0xee, cmov, cx8, fxsr, mmx, sse, sse2, sse3, ssse3, sse4.1, sse4.2, popcnt, avx, avx2, aes, clmul, erms, 3dnowpref, lzcnt, ht, tsc, tscinvbit, bmi1, bmi2, adx, fma

Memory: 4k page, physical 75497472k(912608k free), swap 0k(0k free)

vm_info: OpenJDK 64-Bit Server VM (11.0.11+9) for bsd-amd64 JRE (11.0.11+9), built on Apr 20 2021 22:06:18 by "jenkins" with gcc 4.2.1 Compatible Apple LLVM 10.0.1 (clang-1001.0.46.4)

END.
